<?xml version="1.0" encoding="UTF-8"?>
<!-- Generated by org.testng.reporters.JUnitReportReporter -->
<testsuite hostname="LAPTOP-3RTJA3IH" failures="0" tests="3" name="APIBasics.TestAPIClass" time="1.937" errors="0" timestamp="14 Jan 2023 17:26:27 GMT" skipped="0">
  <testcase classname="APIBasics.TestAPIClass" name="addPlace" time="0.398"/>
  <testcase classname="APIBasics.TestAPIClass" name="updatePlace" time="0.970"/>
  <testcase classname="APIBasics.TestAPIClass" name="getPlace" time="0.569"/>
</testsuite> <!-- APIBasics.TestAPIClass -->
