<?xml version="1.0" encoding="UTF-8"?>
<!-- Generated by org.testng.reporters.JUnitReportReporter -->
<testsuite hostname="LAPTOP-3RTJA3IH" failures="0" tests="3" name="RequestResponseSpec.TestSpecBuilder" time="1.678" errors="0" timestamp="14 Jan 2023 17:26:27 GMT" skipped="0">
  <testcase classname="RequestResponseSpec.TestSpecBuilder" name="addPlace" time="0.298"/>
  <testcase classname="RequestResponseSpec.TestSpecBuilder" name="updatePlace" time="0.817"/>
  <testcase classname="RequestResponseSpec.TestSpecBuilder" name="getPlace" time="0.563"/>
</testsuite> <!-- RequestResponseSpec.TestSpecBuilder -->
