<?xml version="1.0" encoding="UTF-8"?>
<!-- Generated by org.testng.reporters.JUnitReportReporter -->
<testsuite hostname="LAPTOP-3RTJA3IH" failures="0" tests="2" name="runner.Runner" time="1.984" errors="0" timestamp="14 Jan 2023 17:26:27 GMT" skipped="0">
  <testcase classname="runner.Runner" name="runScenario" time="0.789"/>
  <testcase classname="runner.Runner" name="runScenario" time="1.195"/>
</testsuite> <!-- runner.Runner -->
