<?xml version="1.0" encoding="UTF-8"?>
<!-- Generated by org.testng.reporters.JUnitReportReporter -->
<testsuite hostname="LAPTOP-3RTJA3IH" failures="0" tests="3" name="APIBasics.DynamicJson" time="2.515" errors="0" timestamp="14 Jan 2023 17:26:27 GMT" skipped="0">
  <testcase classname="APIBasics.DynamicJson" name="AddPlace" time="0.278"/>
  <testcase classname="APIBasics.DynamicJson" name="AddPlace" time="0.292"/>
  <testcase classname="APIBasics.DynamicJson" name="AddPlace" time="1.945"/>
</testsuite> <!-- APIBasics.DynamicJson -->
