<?xml version="1.0" encoding="UTF-8"?>
<!-- Generated by org.testng.reporters.JUnitReportReporter -->
<testsuite hostname="LAPTOP-3RTJA3IH" failures="0" tests="1" name="APIBasics.ComplexJsonParser" time="2.122" errors="0" timestamp="14 Jan 2023 17:26:27 GMT" skipped="0">
  <testcase classname="APIBasics.ComplexJsonParser" name="complesJsonResponse" time="2.122"/>
</testsuite> <!-- APIBasics.ComplexJsonParser -->
