<?xml version="1.0" encoding="UTF-8"?>
<!-- Generated by org.testng.reporters.JUnitReportReporter -->
<testsuite hostname="LAPTOP-3RTJA3IH" failures="0" tests="1" name="SerializeDeserialize.SerializeTest" time="0.829" errors="0" timestamp="14 Jan 2023 17:26:27 GMT" skipped="0">
  <testcase classname="SerializeDeserialize.SerializeTest" name="addPlaceAPI" time="0.829"/>
</testsuite> <!-- SerializeDeserialize.SerializeTest -->
